C:\USERS\LAMOS\DOCUMENTS\VISUAL STUDIO 2012\PROJECTS\GAME_OF_FIFTEEN\GAME_OF_FIFTEEN\DEBUG\GAMEOFFIFTEEN.OBJ
C:\USERS\LAMOS\DOCUMENTS\VISUAL STUDIO 2012\PROJECTS\GAME_OF_FIFTEEN\GAME_OF_FIFTEEN\DEBUG\MAIN.OBJ
C:\USERS\LAMOS\DOCUMENTS\VISUAL STUDIO 2012\PROJECTS\GAME_OF_FIFTEEN\GAME_OF_FIFTEEN\DEBUG\VC110.PDB
C:\USERS\LAMOS\DOCUMENTS\VISUAL STUDIO 2012\PROJECTS\GAME_OF_FIFTEEN\DEBUG\GAME_OF_FIFTEEN.ILK
C:\USERS\LAMOS\DOCUMENTS\VISUAL STUDIO 2012\PROJECTS\GAME_OF_FIFTEEN\DEBUG\GAME_OF_FIFTEEN.EXE
C:\USERS\LAMOS\DOCUMENTS\VISUAL STUDIO 2012\PROJECTS\GAME_OF_FIFTEEN\DEBUG\GAME_OF_FIFTEEN.PDB
C:\Users\lamos\Documents\Visual Studio 2012\Projects\game_of_fifteen\game_of_fifteen\Debug\GameOfFifteen.obj
C:\Users\lamos\Documents\Visual Studio 2012\Projects\game_of_fifteen\game_of_fifteen\Debug\main.obj
C:\Users\lamos\Documents\Visual Studio 2012\Projects\game_of_fifteen\game_of_fifteen\Debug\cl.command.1.tlog
C:\Users\lamos\Documents\Visual Studio 2012\Projects\game_of_fifteen\game_of_fifteen\Debug\CL.read.1.tlog
C:\Users\lamos\Documents\Visual Studio 2012\Projects\game_of_fifteen\game_of_fifteen\Debug\CL.write.1.tlog
C:\Users\lamos\Documents\Visual Studio 2012\Projects\game_of_fifteen\game_of_fifteen\Debug\link-cvtres.read.1.tlog
C:\Users\lamos\Documents\Visual Studio 2012\Projects\game_of_fifteen\game_of_fifteen\Debug\link-cvtres.write.1.tlog
C:\Users\lamos\Documents\Visual Studio 2012\Projects\game_of_fifteen\game_of_fifteen\Debug\link-rc.read.1.tlog
C:\Users\lamos\Documents\Visual Studio 2012\Projects\game_of_fifteen\game_of_fifteen\Debug\link-rc.write.1.tlog
C:\Users\lamos\Documents\Visual Studio 2012\Projects\game_of_fifteen\game_of_fifteen\Debug\link.command.1.tlog
C:\Users\lamos\Documents\Visual Studio 2012\Projects\game_of_fifteen\game_of_fifteen\Debug\link.read.1.tlog
C:\Users\lamos\Documents\Visual Studio 2012\Projects\game_of_fifteen\game_of_fifteen\Debug\link.write.1.tlog
C:\Users\lamos\Documents\Visual Studio 2012\Projects\game_of_fifteen\game_of_fifteen\Debug\vc110.idb
C:\Users\lamos\Documents\Visual Studio 2012\Projects\game_of_fifteen\game_of_fifteen\Debug\vc110.pdb
C:\Users\lamos\Documents\Visual Studio 2012\Projects\game_of_fifteen\Debug\game_of_fifteen.pdb
C:\Users\lamos\Documents\Visual Studio 2012\Projects\game_of_fifteen\Debug\game_of_fifteen.exe
C:\Users\lamos\Documents\Visual Studio 2012\Projects\game_of_fifteen\Debug\game_of_fifteen.ilk
